<?xml version="1.0" encoding="UTF-8"?>
<coverage generated="1714409687">
  <project timestamp="1714409687">
    <file name="C:\Users\salva\Herd\PlanetExpressWebApp\ADM-PlanetExpressWebApp\app\Http\Controllers\BookController.php">
      <class name="App\Http\Controllers\BookController" namespace="global">
        <metrics complexity="3" methods="3" coveredmethods="1" conditionals="0" coveredconditionals="0" statements="4" coveredstatements="1" elements="7" coveredelements="2"/>
      </class>
      <line num="12" type="method" name="index" visibility="public" complexity="1" crap="2" count="0"/>
      <line num="14" type="stmt" count="0"/>
      <line num="15" type="stmt" count="0"/>
      <line num="18" type="method" name="searchForm" visibility="public" complexity="1" crap="1" count="1"/>
      <line num="19" type="stmt" count="1"/>
      <line num="22" type="method" name="search" visibility="public" complexity="1" crap="2" count="0"/>
      <line num="26" type="stmt" count="0"/>
      <metrics loc="30" ncloc="29" classes="1" methods="3" coveredmethods="1" conditionals="0" coveredconditionals="0" statements="4" coveredstatements="1" elements="7" coveredelements="2"/>
    </file>
    <file name="C:\Users\salva\Herd\PlanetExpressWebApp\ADM-PlanetExpressWebApp\app\Http\Controllers\Controller.php">
      <class name="App\Http\Controllers\Controller" namespace="global">
        <metrics complexity="0" methods="0" coveredmethods="0" conditionals="0" coveredconditionals="0" statements="0" coveredstatements="0" elements="0" coveredelements="0"/>
      </class>
      <metrics loc="9" ncloc="8" classes="0" methods="0" coveredmethods="0" conditionals="0" coveredconditionals="0" statements="0" coveredstatements="0" elements="0" coveredelements="0"/>
    </file>
    <file name="C:\Users\salva\Herd\PlanetExpressWebApp\ADM-PlanetExpressWebApp\app\Http\Controllers\UserController.php">
      <class name="App\Http\Controllers\UserController" namespace="global">
        <metrics complexity="7" methods="5" coveredmethods="2" conditionals="0" coveredconditionals="0" statements="13" coveredstatements="2" elements="18" coveredelements="4"/>
      </class>
      <line num="16" type="method" name="showBooks" visibility="public" complexity="1" crap="2" count="0"/>
      <line num="18" type="stmt" count="0"/>
      <line num="21" type="method" name="showBooksOnLoan" visibility="public" complexity="1" crap="1" count="1"/>
      <line num="23" type="stmt" count="1"/>
      <line num="26" type="method" name="booksOnLoanCreate" visibility="public" complexity="1" crap="1" count="1"/>
      <line num="28" type="stmt" count="1"/>
      <line num="31" type="method" name="addBookOnLoan" visibility="public" complexity="2" crap="6" count="0"/>
      <line num="35" type="stmt" count="0"/>
      <line num="36" type="stmt" count="0"/>
      <line num="38" type="stmt" count="0"/>
      <line num="40" type="stmt" count="0"/>
      <line num="42" type="stmt" count="0"/>
      <line num="45" type="method" name="removeBookOnLoan" visibility="public" complexity="2" crap="6" count="0"/>
      <line num="49" type="stmt" count="0"/>
      <line num="50" type="stmt" count="0"/>
      <line num="52" type="stmt" count="0"/>
      <line num="54" type="stmt" count="0"/>
      <line num="56" type="stmt" count="0"/>
      <metrics loc="59" ncloc="59" classes="1" methods="5" coveredmethods="2" conditionals="0" coveredconditionals="0" statements="13" coveredstatements="2" elements="18" coveredelements="4"/>
    </file>
    <file name="C:\Users\salva\Herd\PlanetExpressWebApp\ADM-PlanetExpressWebApp\app\Models\Book.php">
      <class name="App\Models\Book" namespace="global">
        <metrics complexity="1" methods="1" coveredmethods="1" conditionals="0" coveredconditionals="0" statements="1" coveredstatements="1" elements="2" coveredelements="2"/>
      </class>
      <line num="17" type="method" name="users" visibility="public" complexity="1" crap="1" count="1"/>
      <line num="19" type="stmt" count="1"/>
      <metrics loc="22" ncloc="22" classes="1" methods="1" coveredmethods="1" conditionals="0" coveredconditionals="0" statements="1" coveredstatements="1" elements="2" coveredelements="2"/>
    </file>
    <file name="C:\Users\salva\Herd\PlanetExpressWebApp\ADM-PlanetExpressWebApp\app\Models\User.php">
      <class name="App\Models\User" namespace="global">
        <metrics complexity="3" methods="3" coveredmethods="3" conditionals="0" coveredconditionals="0" statements="8" coveredstatements="8" elements="11" coveredelements="11"/>
      </class>
      <line num="42" type="method" name="casts" visibility="protected" complexity="1" crap="1" count="7"/>
      <line num="44" type="stmt" count="7"/>
      <line num="45" type="stmt" count="7"/>
      <line num="46" type="stmt" count="7"/>
      <line num="47" type="stmt" count="7"/>
      <line num="50" type="method" name="books" visibility="public" complexity="1" crap="1" count="5"/>
      <line num="52" type="stmt" count="5"/>
      <line num="53" type="stmt" count="5"/>
      <line num="54" type="stmt" count="5"/>
      <line num="57" type="method" name="booksOnLoan" visibility="public" complexity="1" crap="1" count="2"/>
      <line num="59" type="stmt" count="2"/>
      <metrics loc="62" ncloc="46" classes="1" methods="3" coveredmethods="3" conditionals="0" coveredconditionals="0" statements="8" coveredstatements="8" elements="11" coveredelements="11"/>
    </file>
    <file name="C:\Users\salva\Herd\PlanetExpressWebApp\ADM-PlanetExpressWebApp\app\Policies\UserPolicy.php">
      <class name="App\Policies\UserPolicy" namespace="global">
        <metrics complexity="6" methods="2" coveredmethods="0" conditionals="0" coveredconditionals="0" statements="6" coveredstatements="0" elements="8" coveredelements="0"/>
      </class>
      <line num="15" type="method" name="addBookOnLoan" visibility="public" complexity="3" crap="12" count="0"/>
      <line num="17" type="stmt" count="0"/>
      <line num="18" type="stmt" count="0"/>
      <line num="20" type="stmt" count="0"/>
      <line num="26" type="method" name="removeBookOnLoan" visibility="public" complexity="3" crap="12" count="0"/>
      <line num="28" type="stmt" count="0"/>
      <line num="29" type="stmt" count="0"/>
      <line num="31" type="stmt" count="0"/>
      <metrics loc="34" ncloc="28" classes="1" methods="2" coveredmethods="0" conditionals="0" coveredconditionals="0" statements="6" coveredstatements="0" elements="8" coveredelements="0"/>
    </file>
    <file name="C:\Users\salva\Herd\PlanetExpressWebApp\ADM-PlanetExpressWebApp\app\Providers\AppServiceProvider.php">
      <class name="App\Providers\AppServiceProvider" namespace="global">
        <metrics complexity="2" methods="2" coveredmethods="2" conditionals="0" coveredconditionals="0" statements="2" coveredstatements="2" elements="4" coveredelements="4"/>
      </class>
      <line num="12" type="method" name="register" visibility="public" complexity="1" crap="1" count="8"/>
      <line num="15" type="stmt" count="8"/>
      <line num="20" type="method" name="boot" visibility="public" complexity="1" crap="1" count="8"/>
      <line num="23" type="stmt" count="8"/>
      <metrics loc="25" ncloc="17" classes="1" methods="2" coveredmethods="2" conditionals="0" coveredconditionals="0" statements="2" coveredstatements="2" elements="4" coveredelements="4"/>
    </file>
    <metrics files="7" loc="241" ncloc="209" classes="6" methods="16" coveredmethods="9" conditionals="0" coveredconditionals="0" statements="34" coveredstatements="14" elements="50" coveredelements="23"/>
  </project>
</coverage>
